 
Ansys Electronics Desktop Version 2024.2.0, Build: 2024-05-23 02:23:50
Location: E:\INApps\AnsysEM\v242\Win64\ansysedt.exe
Non Graphical Mode: No Project??
Starting Batch Run: 7:34:14 PM  Nov 01, 2025
Running as user : CHW\chwhcx
Temp directory: C:\Users\chwhcx\AppData\Local\Temp
Project directory: E:\ansys\Documents\Ansoft
-- Message Window --
      *Global - Messages
        [warning] Left-alt + shift is currently used by the system to toggle the input language. It is also used in some portions of this application, which may cause the input language to change unexpectedly.
        [info] GRPC server running on port: 51262. 
        [info] Project OBC has been opened.
        [info] Active Design set to PFC
        [info] Aedt Objects correctly read
        [info] Modeler class has been initialized! Elapsed time: 0m 0sec
        [info] PostProcessor class has been initialized! Elapsed time: 0m 0sec
        [info] PostProcessor class has been initialized! Elapsed time: 0m 0sec
        [info] Post class has been initialized! Elapsed time: 0m 0sec
        [warning] Parameter Objects is not available, check syntax.
        [warning] Solution Data failed to load. Check solution, context or expression.
        [warning] No Data Available. Check inputs
-- Message Window --
Stopping Batch Run: 7:35:04 PM  Nov 01, 2025
 
Ansys Electronics Desktop Version 2024.2.0, Build: 2024-05-23 02:23:50
Location: E:\INApps\AnsysEM\v242\Win64\ansysedt.exe
Non Graphical Mode: No Project??
Starting Batch Run: 11:18:40 AM  Nov 02, 2025
Running as user : CHW\chwhcx
Temp directory: C:\Users\chwhcx\AppData\Local\Temp
Project directory: E:\ansys\Documents\Ansoft
-- Message Window --
      *Global - Messages
        [warning] Left-alt + shift is currently used by the system to toggle the input language. It is also used in some portions of this application, which may cause the input language to change unexpectedly.
        [info] GRPC server running on port: 57360. 
        [error] **************************************************************
        [error]   File "E:\study\S1\taida_cap\优化程序\ansys_validation.py", line 601, in <module>
        [error]     update_and_simulate(print,project_path=project_path, design_name=design_name, dataset_name="PFC", core_id=core_id, core_gap=core_gap, N=N, excitation=excitation)
        [error]   File "E:\study\S1\taida_cap\优化程序\ansys_validation.py", line 494, in update_and_simulate
        [error]     maxwell_app = Maxwell3d(projectname=project_path, designname=design_name)
        [error] Project is locked. close or remove the lock before proceeding. on __init__
        [error] Last Electronics Desktop Message - [error] project is locked. close or remove the lock before proceeding. on __init__  
        [error] Method arguments: 
        [error]     project = E:\study\S1\taida_cap\优化程序\OBC.aedt 
        [error]     design = PFC 
        [error] **************************************************************
        [info] Project OBC has been opened.
        [info] Added design 'PFC' of type Maxwell 3D.
        [info] Aedt Objects correctly read
        [info] Project OBC Saved correctly
        [info] Parsing E:\study\S1\taida_cap\OBC.aedt.
        [info] File E:\study\S1\taida_cap\OBC.aedt correctly loaded. Elapsed time: 0m 0sec
        [info] aedt file load time 0.03779149055480957
        [info] Dataset PFC doesn't exist.
        [info] Dataset PFC created successfully.
        [info] Project OBC Saved correctly
        [info] Parsing E:\study\S1\taida_cap\OBC.aedt.
        [info] File E:\study\S1\taida_cap\OBC.aedt correctly loaded. Elapsed time: 0m 0sec
        [info] Project OBC set to active.
        [info] Active Design set to PFC
        [info] Aedt Objects correctly read
        [info] PostProcessor class has been initialized! Elapsed time: 0m 0sec
        [info] PostProcessor class has been initialized! Elapsed time: 0m 0sec
        [info] Post class has been initialized! Elapsed time: 0m 0sec
        [info] Parsing E:\study\S1\taida_cap\OBC.aedt.
        [info] File E:\study\S1\taida_cap\OBC.aedt correctly loaded. Elapsed time: 0m 0sec
        [info] Project OBC set to active.
        [info] Active Design set to PFC
        [info] Aedt Objects correctly read
        [info] Modeler class has been initialized! Elapsed time: 0m 0sec
        [info] PostProcessor class has been initialized! Elapsed time: 0m 0sec
        [info] PostProcessor class has been initialized! Elapsed time: 0m 0sec
        [info] Post class has been initialized! Elapsed time: 0m 0sec
        [error] **************************************************************
        [error]   File "E:\study\S1\taida_cap\优化程序\ansys_validation.py", line 601, in <module>
        [error]     update_and_simulate(print,project_path=project_path, design_name=design_name, dataset_name="PFC", core_id=core_id, core_gap=core_gap, N=N, excitation=excitation)
        [error]   File "E:\study\S1\taida_cap\优化程序\ansys_validation.py", line 510, in update_and_simulate
        [error]     coreloss_result = extract_coreloss(project_path, design_name)
        [error]   File "E:\study\S1\taida_cap\优化程序\ansys_validation.py", line 342, in extract_coreloss
        [error]     test_data = maxwell_app.post.get_solution_data(
        [error] 'setup  not available in current design.' on _get_report_object
        [error] Last Electronics Desktop Message - [error] 'setup  not available in current design.' on _get_report_object  
        [error] Method arguments: 
        [error]     expressions = ['CoreLoss'] 
        [error]     primary_sweep_variable = Time 
        [error]     report_category = Fields 
        [error]     context = {'Objects': []} 
        [error]     polyline_points = 1001 
        [error] **************************************************************
        [error] **************************************************************
        [error]   File "E:\study\S1\taida_cap\优化程序\ansys_validation.py", line 601, in <module>
        [error]     update_and_simulate(print,project_path=project_path, design_name=design_name, dataset_name="PFC", core_id=core_id, core_gap=core_gap, N=N, excitation=excitation)
        [error]   File "E:\study\S1\taida_cap\优化程序\ansys_validation.py", line 510, in update_and_simulate
        [error]     coreloss_result = extract_coreloss(project_path, design_name)
        [error]   File "E:\study\S1\taida_cap\优化程序\ansys_validation.py", line 342, in extract_coreloss
        [error]     test_data = maxwell_app.post.get_solution_data(
        [error] 'bool' object has no attribute 'get_solution_data' on get_solution_data
        [error] Last Electronics Desktop Message - [error] 'bool' object has no attribute 'get_solution_data' on get_solution_data  
        [error] Method arguments: 
        [error]     expressions = ['CoreLoss'] 
        [error]     primary_sweep_variable = Time 
        [error]     report_category = Fields 
        [error]     context = {'Objects': []} 
        [error] **************************************************************
        [info] Parsing E:\study\S1\taida_cap\OBC.aedt.
        [info] File E:\study\S1\taida_cap\OBC.aedt correctly loaded. Elapsed time: 0m 0sec
        [info] Project OBC set to active.
        [info] Active Design set to PFC
        [info] Aedt Objects correctly read
        [info] PostProcessor class has been initialized! Elapsed time: 0m 0sec
        [info] PostProcessor class has been initialized! Elapsed time: 0m 0sec
        [info] Post class has been initialized! Elapsed time: 0m 0sec
        [error] **************************************************************
        [error]   File "E:\study\S1\taida_cap\优化程序\ansys_validation.py", line 601, in <module>
        [error]     update_and_simulate(print,project_path=project_path, design_name=design_name, dataset_name="PFC", core_id=core_id, core_gap=core_gap, N=N, excitation=excitation)
        [error]   File "E:\study\S1\taida_cap\优化程序\ansys_validation.py", line 511, in update_and_simulate
        [error]     inductance_result = extract_inductance(project_path, design_name)
        [error]   File "E:\study\S1\taida_cap\优化程序\ansys_validation.py", line 427, in extract_inductance
        [error]     test_data = maxwell_app.post.get_solution_data(
        [error] 'setup  not available in current design.' on _get_report_object
        [error] Last Electronics Desktop Message - [error] 'setup  not available in current design.' on _get_report_object  
        [error] Method arguments: 
        [error]     expressions = ['L(P,P)'] 
        [error]     primary_sweep_variable = Time 
        [error]     report_category = Fields 
        [error]     polyline_points = 1001 
        [error] **************************************************************
        [error] **************************************************************
        [error]   File "E:\study\S1\taida_cap\优化程序\ansys_validation.py", line 601, in <module>
        [error]     update_and_simulate(print,project_path=project_path, design_name=design_name, dataset_name="PFC", core_id=core_id, core_gap=core_gap, N=N, excitation=excitation)
        [error]   File "E:\study\S1\taida_cap\优化程序\ansys_validation.py", line 511, in update_and_simulate
        [error]     inductance_result = extract_inductance(project_path, design_name)
        [error]   File "E:\study\S1\taida_cap\优化程序\ansys_validation.py", line 427, in extract_inductance
        [error]     test_data = maxwell_app.post.get_solution_data(
        [error] 'bool' object has no attribute 'get_solution_data' on get_solution_data
        [error] Last Electronics Desktop Message - [error] 'bool' object has no attribute 'get_solution_data' on get_solution_data  
        [error] Method arguments: 
        [error]     expressions = ['L(P,P)'] 
        [error]     primary_sweep_variable = Time 
        [error]     report_category = Fields 
        [error] **************************************************************
        [error] **************************************************************
        [error]   File "E:\study\S1\taida_cap\优化程序\ansys_validation.py", line 601, in <module>
        [error]     update_and_simulate(print,project_path=project_path, design_name=design_name, dataset_name="PFC", core_id=core_id, core_gap=core_gap, N=N, excitation=excitation)
        [error]   File "E:\study\S1\taida_cap\优化程序\ansys_validation.py", line 511, in update_and_simulate
        [error]     inductance_result = extract_inductance(project_path, design_name)
        [error]   File "E:\study\S1\taida_cap\优化程序\ansys_validation.py", line 427, in extract_inductance
        [error]     test_data = maxwell_app.post.get_solution_data(
        [error] 'setup  not available in current design.' on _get_report_object
        [error] Last Electronics Desktop Message - [error] 'setup  not available in current design.' on _get_report_object  
        [error] Method arguments: 
        [error]     expressions = ['L(P, P)'] 
        [error]     primary_sweep_variable = Time 
        [error]     report_category = Fields 
        [error]     polyline_points = 1001 
        [error] **************************************************************
        [error] **************************************************************
        [error]   File "E:\study\S1\taida_cap\优化程序\ansys_validation.py", line 601, in <module>
        [error]     update_and_simulate(print,project_path=project_path, design_name=design_name, dataset_name="PFC", core_id=core_id, core_gap=core_gap, N=N, excitation=excitation)
        [error]   File "E:\study\S1\taida_cap\优化程序\ansys_validation.py", line 511, in update_and_simulate
        [error]     inductance_result = extract_inductance(project_path, design_name)
        [error]   File "E:\study\S1\taida_cap\优化程序\ansys_validation.py", line 427, in extract_inductance
        [error]     test_data = maxwell_app.post.get_solution_data(
        [error] 'bool' object has no attribute 'get_solution_data' on get_solution_data
        [error] Last Electronics Desktop Message - [error] 'bool' object has no attribute 'get_solution_data' on get_solution_data  
        [error] Method arguments: 
        [error]     expressions = ['L(P, P)'] 
        [error]     primary_sweep_variable = Time 
        [error]     report_category = Fields 
        [error] **************************************************************
        [error] **************************************************************
        [error]   File "E:\study\S1\taida_cap\优化程序\ansys_validation.py", line 601, in <module>
        [error]     update_and_simulate(print,project_path=project_path, design_name=design_name, dataset_name="PFC", core_id=core_id, core_gap=core_gap, N=N, excitation=excitation)
        [error]   File "E:\study\S1\taida_cap\优化程序\ansys_validation.py", line 511, in update_and_simulate
        [error]     inductance_result = extract_inductance(project_path, design_name)
        [error]   File "E:\study\S1\taida_cap\优化程序\ansys_validation.py", line 427, in extract_inductance
        [error]     test_data = maxwell_app.post.get_solution_data(
        [error] 'setup  not available in current design.' on _get_report_object
        [error] Last Electronics Desktop Message - [error] 'setup  not available in current design.' on _get_report_object  
        [error] Method arguments: 
        [error]     expressions = ['Inductance'] 
        [error]     primary_sweep_variable = Time 
        [error]     report_category = Fields 
        [error]     polyline_points = 1001 
        [error] **************************************************************
        [error] **************************************************************
        [error]   File "E:\study\S1\taida_cap\优化程序\ansys_validation.py", line 601, in <module>
        [error]     update_and_simulate(print,project_path=project_path, design_name=design_name, dataset_name="PFC", core_id=core_id, core_gap=core_gap, N=N, excitation=excitation)
        [error]   File "E:\study\S1\taida_cap\优化程序\ansys_validation.py", line 511, in update_and_simulate
        [error]     inductance_result = extract_inductance(project_path, design_name)
        [error]   File "E:\study\S1\taida_cap\优化程序\ansys_validation.py", line 427, in extract_inductance
        [error]     test_data = maxwell_app.post.get_solution_data(
        [error] 'bool' object has no attribute 'get_solution_data' on get_solution_data
        [error] Last Electronics Desktop Message - [error] 'bool' object has no attribute 'get_solution_data' on get_solution_data  
        [error] Method arguments: 
        [error]     expressions = ['Inductance'] 
        [error]     primary_sweep_variable = Time 
        [error]     report_category = Fields 
        [error] **************************************************************
        [error] **************************************************************
        [error]   File "E:\study\S1\taida_cap\优化程序\ansys_validation.py", line 601, in <module>
        [error]     update_and_simulate(print,project_path=project_path, design_name=design_name, dataset_name="PFC", core_id=core_id, core_gap=core_gap, N=N, excitation=excitation)
        [error]   File "E:\study\S1\taida_cap\优化程序\ansys_validation.py", line 511, in update_and_simulate
        [error]     inductance_result = extract_inductance(project_path, design_name)
        [error]   File "E:\study\S1\taida_cap\优化程序\ansys_validation.py", line 427, in extract_inductance
        [error]     test_data = maxwell_app.post.get_solution_data(
        [error] 'setup  not available in current design.' on _get_report_object
        [error] Last Electronics Desktop Message - [error] 'setup  not available in current design.' on _get_report_object  
        [error] Method arguments: 
        [error]     expressions = ['L'] 
        [error]     primary_sweep_variable = Time 
        [error]     report_category = Fields 
        [error]     polyline_points = 1001 
        [error] **************************************************************
        [error] **************************************************************
        [error]   File "E:\study\S1\taida_cap\优化程序\ansys_validation.py", line 601, in <module>
        [error]     update_and_simulate(print,project_path=project_path, design_name=design_name, dataset_name="PFC", core_id=core_id, core_gap=core_gap, N=N, excitation=excitation)
        [error]   File "E:\study\S1\taida_cap\优化程序\ansys_validation.py", line 511, in update_and_simulate
        [error]     inductance_result = extract_inductance(project_path, design_name)
        [error]   File "E:\study\S1\taida_cap\优化程序\ansys_validation.py", line 427, in extract_inductance
        [error]     test_data = maxwell_app.post.get_solution_data(
        [error] 'bool' object has no attribute 'get_solution_data' on get_solution_data
        [error] Last Electronics Desktop Message - [error] 'bool' object has no attribute 'get_solution_data' on get_solution_data  
        [error] Method arguments: 
        [error]     expressions = ['L'] 
        [error]     primary_sweep_variable = Time 
        [error]     report_category = Fields 
        [error] **************************************************************
        [info] Project OBC set to active.
        [info] Active Design set to PFC
        [info] Aedt Objects correctly read
        [info] Project OBC Saved correctly
        [info] Parsing E:\study\S1\taida_cap\OBC.aedt.
        [info] File E:\study\S1\taida_cap\OBC.aedt correctly loaded. Elapsed time: 0m 0sec
        [info] aedt file load time 0.05251359939575195
        [info] Project OBC Saved correctly
        [info] Solving all design setups. Analysis started...
        [info] Design setup None solved correctly in 0.0h 0.0m 0.0s
        [info] Project OBC Saved correctly
        [info] Parsing E:\study\S1\taida_cap\OBC.aedt.
        [info] File E:\study\S1\taida_cap\OBC.aedt correctly loaded. Elapsed time: 0m 0sec
        [info] Project OBC set to active.
        [info] Active Design set to PFC
        [info] Aedt Objects correctly read
        [info] PostProcessor class has been initialized! Elapsed time: 0m 0sec
        [info] PostProcessor class has been initialized! Elapsed time: 0m 0sec
        [info] Post class has been initialized! Elapsed time: 0m 0sec
        [info] Parsing E:\study\S1\taida_cap\OBC.aedt.
        [info] File E:\study\S1\taida_cap\OBC.aedt correctly loaded. Elapsed time: 0m 0sec
        [info] Project OBC set to active.
        [info] Active Design set to PFC
        [info] Aedt Objects correctly read
        [info] Modeler class has been initialized! Elapsed time: 0m 0sec
        [info] PostProcessor class has been initialized! Elapsed time: 0m 0sec
        [info] PostProcessor class has been initialized! Elapsed time: 0m 0sec
        [info] Post class has been initialized! Elapsed time: 0m 0sec
        [error] **************************************************************
        [error]   File "E:\study\S1\taida_cap\优化程序\ansys_validation.py", line 601, in <module>
        [error]     update_and_simulate(print,project_path=project_path, design_name=design_name, dataset_name="PFC", core_id=core_id, core_gap=core_gap, N=N, excitation=excitation)
        [error]   File "E:\study\S1\taida_cap\优化程序\ansys_validation.py", line 510, in update_and_simulate
        [error]     coreloss_result = extract_coreloss(project_path, design_name)
        [error]   File "E:\study\S1\taida_cap\优化程序\ansys_validation.py", line 342, in extract_coreloss
        [error]     test_data = maxwell_app.post.get_solution_data(
        [error] 'setup  not available in current design.' on _get_report_object
        [error] Last Electronics Desktop Message - [error] simulation: obc : pfc cannot be analyzed as it has no setups that may be simulated. (11:21:09 am  nov 02, 2025)  
        [error] Method arguments: 
        [error]     expressions = ['CoreLoss'] 
        [error]     primary_sweep_variable = Time 
        [error]     report_category = Fields 
        [error]     context = {'Objects': []} 
        [error]     polyline_points = 1001 
        [error] **************************************************************
        [error] **************************************************************
        [error]   File "E:\study\S1\taida_cap\优化程序\ansys_validation.py", line 601, in <module>
        [error]     update_and_simulate(print,project_path=project_path, design_name=design_name, dataset_name="PFC", core_id=core_id, core_gap=core_gap, N=N, excitation=excitation)
        [error]   File "E:\study\S1\taida_cap\优化程序\ansys_validation.py", line 510, in update_and_simulate
        [error]     coreloss_result = extract_coreloss(project_path, design_name)
        [error]   File "E:\study\S1\taida_cap\优化程序\ansys_validation.py", line 342, in extract_coreloss
        [error]     test_data = maxwell_app.post.get_solution_data(
        [error] 'bool' object has no attribute 'get_solution_data' on get_solution_data
        [error] Last Electronics Desktop Message - [error] simulation: obc : pfc cannot be analyzed as it has no setups that may be simulated. (11:21:09 am  nov 02, 2025)  
        [error] Method arguments: 
        [error]     expressions = ['CoreLoss'] 
        [error]     primary_sweep_variable = Time 
        [error]     report_category = Fields 
        [error]     context = {'Objects': []} 
        [error] **************************************************************
        [info] Parsing E:\study\S1\taida_cap\OBC.aedt.
        [info] File E:\study\S1\taida_cap\OBC.aedt correctly loaded. Elapsed time: 0m 0sec
        [info] Project OBC set to active.
        [info] Active Design set to PFC
        [info] Aedt Objects correctly read
        [info] PostProcessor class has been initialized! Elapsed time: 0m 0sec
        [info] PostProcessor class has been initialized! Elapsed time: 0m 0sec
        [info] Post class has been initialized! Elapsed time: 0m 0sec
        [error] **************************************************************
        [error]   File "E:\study\S1\taida_cap\优化程序\ansys_validation.py", line 601, in <module>
        [error]     update_and_simulate(print,project_path=project_path, design_name=design_name, dataset_name="PFC", core_id=core_id, core_gap=core_gap, N=N, excitation=excitation)
        [error]   File "E:\study\S1\taida_cap\优化程序\ansys_validation.py", line 511, in update_and_simulate
        [error]     inductance_result = extract_inductance(project_path, design_name)
        [error]   File "E:\study\S1\taida_cap\优化程序\ansys_validation.py", line 427, in extract_inductance
        [error]     test_data = maxwell_app.post.get_solution_data(
        [error] 'setup  not available in current design.' on _get_report_object
        [error] Last Electronics Desktop Message - [error] simulation: obc : pfc cannot be analyzed as it has no setups that may be simulated. (11:21:09 am  nov 02, 2025)  
        [error] Method arguments: 
        [error]     expressions = ['L(P,P)'] 
        [error]     primary_sweep_variable = Time 
        [error]     report_category = Fields 
        [error]     polyline_points = 1001 
        [error] **************************************************************
        [error] **************************************************************
        [error]   File "E:\study\S1\taida_cap\优化程序\ansys_validation.py", line 601, in <module>
        [error]     update_and_simulate(print,project_path=project_path, design_name=design_name, dataset_name="PFC", core_id=core_id, core_gap=core_gap, N=N, excitation=excitation)
        [error]   File "E:\study\S1\taida_cap\优化程序\ansys_validation.py", line 511, in update_and_simulate
        [error]     inductance_result = extract_inductance(project_path, design_name)
        [error]   File "E:\study\S1\taida_cap\优化程序\ansys_validation.py", line 427, in extract_inductance
        [error]     test_data = maxwell_app.post.get_solution_data(
        [error] 'bool' object has no attribute 'get_solution_data' on get_solution_data
        [error] Last Electronics Desktop Message - [error] simulation: obc : pfc cannot be analyzed as it has no setups that may be simulated. (11:21:09 am  nov 02, 2025)  
        [error] Method arguments: 
        [error]     expressions = ['L(P,P)'] 
        [error]     primary_sweep_variable = Time 
        [error]     report_category = Fields 
        [error] **************************************************************
        [error] **************************************************************
        [error]   File "E:\study\S1\taida_cap\优化程序\ansys_validation.py", line 601, in <module>
        [error]     update_and_simulate(print,project_path=project_path, design_name=design_name, dataset_name="PFC", core_id=core_id, core_gap=core_gap, N=N, excitation=excitation)
        [error]   File "E:\study\S1\taida_cap\优化程序\ansys_validation.py", line 511, in update_and_simulate
        [error]     inductance_result = extract_inductance(project_path, design_name)
        [error]   File "E:\study\S1\taida_cap\优化程序\ansys_validation.py", line 427, in extract_inductance
        [error]     test_data = maxwell_app.post.get_solution_data(
        [error] 'setup  not available in current design.' on _get_report_object
        [error] Last Electronics Desktop Message - [error] simulation: obc : pfc cannot be analyzed as it has no setups that may be simulated. (11:21:09 am  nov 02, 2025)  
        [error] Method arguments: 
        [error]     expressions = ['L(P, P)'] 
        [error]     primary_sweep_variable = Time 
        [error]     report_category = Fields 
        [error]     polyline_points = 1001 
        [error] **************************************************************
        [error] **************************************************************
        [error]   File "E:\study\S1\taida_cap\优化程序\ansys_validation.py", line 601, in <module>
        [error]     update_and_simulate(print,project_path=project_path, design_name=design_name, dataset_name="PFC", core_id=core_id, core_gap=core_gap, N=N, excitation=excitation)
        [error]   File "E:\study\S1\taida_cap\优化程序\ansys_validation.py", line 511, in update_and_simulate
        [error]     inductance_result = extract_inductance(project_path, design_name)
        [error]   File "E:\study\S1\taida_cap\优化程序\ansys_validation.py", line 427, in extract_inductance
        [error]     test_data = maxwell_app.post.get_solution_data(
        [error] 'bool' object has no attribute 'get_solution_data' on get_solution_data
        [error] Last Electronics Desktop Message - [error] simulation: obc : pfc cannot be analyzed as it has no setups that may be simulated. (11:21:09 am  nov 02, 2025)  
        [error] Method arguments: 
        [error]     expressions = ['L(P, P)'] 
        [error]     primary_sweep_variable = Time 
        [error]     report_category = Fields 
        [error] **************************************************************
        [error] **************************************************************
        [error]   File "E:\study\S1\taida_cap\优化程序\ansys_validation.py", line 601, in <module>
        [error]     update_and_simulate(print,project_path=project_path, design_name=design_name, dataset_name="PFC", core_id=core_id, core_gap=core_gap, N=N, excitation=excitation)
        [error]   File "E:\study\S1\taida_cap\优化程序\ansys_validation.py", line 511, in update_and_simulate
        [error]     inductance_result = extract_inductance(project_path, design_name)
        [error]   File "E:\study\S1\taida_cap\优化程序\ansys_validation.py", line 427, in extract_inductance
        [error]     test_data = maxwell_app.post.get_solution_data(
        [error] 'setup  not available in current design.' on _get_report_object
        [error] Last Electronics Desktop Message - [error] simulation: obc : pfc cannot be analyzed as it has no setups that may be simulated. (11:21:09 am  nov 02, 2025)  
        [error] Method arguments: 
        [error]     expressions = ['Inductance'] 
        [error]     primary_sweep_variable = Time 
        [error]     report_category = Fields 
        [error]     polyline_points = 1001 
        [error] **************************************************************
        [error] **************************************************************
        [error]   File "E:\study\S1\taida_cap\优化程序\ansys_validation.py", line 601, in <module>
        [error]     update_and_simulate(print,project_path=project_path, design_name=design_name, dataset_name="PFC", core_id=core_id, core_gap=core_gap, N=N, excitation=excitation)
        [error]   File "E:\study\S1\taida_cap\优化程序\ansys_validation.py", line 511, in update_and_simulate
        [error]     inductance_result = extract_inductance(project_path, design_name)
        [error]   File "E:\study\S1\taida_cap\优化程序\ansys_validation.py", line 427, in extract_inductance
        [error]     test_data = maxwell_app.post.get_solution_data(
        [error] 'bool' object has no attribute 'get_solution_data' on get_solution_data
        [error] Last Electronics Desktop Message - [error] simulation: obc : pfc cannot be analyzed as it has no setups that may be simulated. (11:21:09 am  nov 02, 2025)  
        [error] Method arguments: 
        [error]     expressions = ['Inductance'] 
        [error]     primary_sweep_variable = Time 
        [error]     report_category = Fields 
        [error] **************************************************************
        [error] **************************************************************
        [error]   File "E:\study\S1\taida_cap\优化程序\ansys_validation.py", line 601, in <module>
        [error]     update_and_simulate(print,project_path=project_path, design_name=design_name, dataset_name="PFC", core_id=core_id, core_gap=core_gap, N=N, excitation=excitation)
        [error]   File "E:\study\S1\taida_cap\优化程序\ansys_validation.py", line 511, in update_and_simulate
        [error]     inductance_result = extract_inductance(project_path, design_name)
        [error]   File "E:\study\S1\taida_cap\优化程序\ansys_validation.py", line 427, in extract_inductance
        [error]     test_data = maxwell_app.post.get_solution_data(
        [error] 'setup  not available in current design.' on _get_report_object
        [error] Last Electronics Desktop Message - [error] simulation: obc : pfc cannot be analyzed as it has no setups that may be simulated. (11:21:09 am  nov 02, 2025)  
        [error] Method arguments: 
        [error]     expressions = ['L'] 
        [error]     primary_sweep_variable = Time 
        [error]     report_category = Fields 
        [error]     polyline_points = 1001 
        [error] **************************************************************
        [error] **************************************************************
        [error]   File "E:\study\S1\taida_cap\优化程序\ansys_validation.py", line 601, in <module>
        [error]     update_and_simulate(print,project_path=project_path, design_name=design_name, dataset_name="PFC", core_id=core_id, core_gap=core_gap, N=N, excitation=excitation)
        [error]   File "E:\study\S1\taida_cap\优化程序\ansys_validation.py", line 511, in update_and_simulate
        [error]     inductance_result = extract_inductance(project_path, design_name)
        [error]   File "E:\study\S1\taida_cap\优化程序\ansys_validation.py", line 427, in extract_inductance
        [error]     test_data = maxwell_app.post.get_solution_data(
        [error] 'bool' object has no attribute 'get_solution_data' on get_solution_data
        [error] Last Electronics Desktop Message - [error] simulation: obc : pfc cannot be analyzed as it has no setups that may be simulated. (11:21:09 am  nov 02, 2025)  
        [error] Method arguments: 
        [error]     expressions = ['L'] 
        [error]     primary_sweep_variable = Time 
        [error]     report_category = Fields 
        [error] **************************************************************
        [info] Project OBC set to active.
        [info] Active Design set to PFC
        [info] Aedt Objects correctly read
        [info] Project OBC Saved correctly
        [info] Parsing E:\study\S1\taida_cap\OBC.aedt.
        [info] File E:\study\S1\taida_cap\OBC.aedt correctly loaded. Elapsed time: 0m 0sec
        [info] aedt file load time 0.05642437934875488
        [info] Project OBC Saved correctly
        [info] Solving all design setups. Analysis started...
        [info] Design setup None solved correctly in 0.0h 0.0m 0.0s
        [info] Project OBC Saved correctly
        [info] Parsing E:\study\S1\taida_cap\OBC.aedt.
        [info] File E:\study\S1\taida_cap\OBC.aedt correctly loaded. Elapsed time: 0m 0sec
        [info] Project OBC set to active.
        [info] Active Design set to PFC
        [info] Aedt Objects correctly read
        [info] PostProcessor class has been initialized! Elapsed time: 0m 0sec
        [info] PostProcessor class has been initialized! Elapsed time: 0m 0sec
        [info] Post class has been initialized! Elapsed time: 0m 0sec
        [info] Parsing E:\study\S1\taida_cap\OBC.aedt.
        [info] File E:\study\S1\taida_cap\OBC.aedt correctly loaded. Elapsed time: 0m 0sec
        [info] Project OBC set to active.
        [info] Active Design set to PFC
        [info] Aedt Objects correctly read
        [info] Modeler class has been initialized! Elapsed time: 0m 0sec
        [info] PostProcessor class has been initialized! Elapsed time: 0m 0sec
        [info] PostProcessor class has been initialized! Elapsed time: 0m 0sec
        [info] Post class has been initialized! Elapsed time: 0m 0sec
        [error] **************************************************************
        [error]   File "E:\study\S1\taida_cap\优化程序\ansys_validation.py", line 601, in <module>
        [error]     update_and_simulate(print,project_path=project_path, design_name=design_name, dataset_name="PFC", core_id=core_id, core_gap=core_gap, N=N, excitation=excitation)
        [error]   File "E:\study\S1\taida_cap\优化程序\ansys_validation.py", line 510, in update_and_simulate
        [error]     coreloss_result = extract_coreloss(project_path, design_name)
        [error]   File "E:\study\S1\taida_cap\优化程序\ansys_validation.py", line 342, in extract_coreloss
        [error]     test_data = maxwell_app.post.get_solution_data(
        [error] 'setup  not available in current design.' on _get_report_object
        [error] Last Electronics Desktop Message - [error] simulation: obc : pfc cannot be analyzed as it has no setups that may be simulated. (11:21:58 am  nov 02, 2025)  
        [error] Method arguments: 
        [error]     expressions = ['CoreLoss'] 
        [error]     primary_sweep_variable = Time 
        [error]     report_category = Fields 
        [error]     context = {'Objects': []} 
        [error]     polyline_points = 1001 
        [error] **************************************************************
        [error] **************************************************************
        [error]   File "E:\study\S1\taida_cap\优化程序\ansys_validation.py", line 601, in <module>
        [error]     update_and_simulate(print,project_path=project_path, design_name=design_name, dataset_name="PFC", core_id=core_id, core_gap=core_gap, N=N, excitation=excitation)
        [error]   File "E:\study\S1\taida_cap\优化程序\ansys_validation.py", line 510, in update_and_simulate
        [error]     coreloss_result = extract_coreloss(project_path, design_name)
        [error]   File "E:\study\S1\taida_cap\优化程序\ansys_validation.py", line 342, in extract_coreloss
        [error]     test_data = maxwell_app.post.get_solution_data(
        [error] 'bool' object has no attribute 'get_solution_data' on get_solution_data
        [error] Last Electronics Desktop Message - [error] simulation: obc : pfc cannot be analyzed as it has no setups that may be simulated. (11:21:58 am  nov 02, 2025)  
        [error] Method arguments: 
        [error]     expressions = ['CoreLoss'] 
        [error]     primary_sweep_variable = Time 
        [error]     report_category = Fields 
        [error]     context = {'Objects': []} 
        [error] **************************************************************
        [info] Parsing E:\study\S1\taida_cap\OBC.aedt.
        [info] File E:\study\S1\taida_cap\OBC.aedt correctly loaded. Elapsed time: 0m 0sec
        [info] Project OBC set to active.
        [info] Active Design set to PFC
        [info] Aedt Objects correctly read
        [info] PostProcessor class has been initialized! Elapsed time: 0m 0sec
        [info] PostProcessor class has been initialized! Elapsed time: 0m 0sec
        [info] Post class has been initialized! Elapsed time: 0m 0sec
        [error] **************************************************************
        [error]   File "E:\study\S1\taida_cap\优化程序\ansys_validation.py", line 601, in <module>
        [error]     update_and_simulate(print,project_path=project_path, design_name=design_name, dataset_name="PFC", core_id=core_id, core_gap=core_gap, N=N, excitation=excitation)
        [error]   File "E:\study\S1\taida_cap\优化程序\ansys_validation.py", line 511, in update_and_simulate
        [error]     inductance_result = extract_inductance(project_path, design_name)
        [error]   File "E:\study\S1\taida_cap\优化程序\ansys_validation.py", line 427, in extract_inductance
        [error]     test_data = maxwell_app.post.get_solution_data(
        [error] 'setup  not available in current design.' on _get_report_object
        [error] Last Electronics Desktop Message - [error] simulation: obc : pfc cannot be analyzed as it has no setups that may be simulated. (11:21:58 am  nov 02, 2025)  
        [error] Method arguments: 
        [error]     expressions = ['L(P,P)'] 
        [error]     primary_sweep_variable = Time 
        [error]     report_category = Fields 
        [error]     polyline_points = 1001 
        [error] **************************************************************
        [error] **************************************************************
        [error]   File "E:\study\S1\taida_cap\优化程序\ansys_validation.py", line 601, in <module>
        [error]     update_and_simulate(print,project_path=project_path, design_name=design_name, dataset_name="PFC", core_id=core_id, core_gap=core_gap, N=N, excitation=excitation)
        [error]   File "E:\study\S1\taida_cap\优化程序\ansys_validation.py", line 511, in update_and_simulate
        [error]     inductance_result = extract_inductance(project_path, design_name)
        [error]   File "E:\study\S1\taida_cap\优化程序\ansys_validation.py", line 427, in extract_inductance
        [error]     test_data = maxwell_app.post.get_solution_data(
        [error] 'bool' object has no attribute 'get_solution_data' on get_solution_data
        [error] Last Electronics Desktop Message - [error] simulation: obc : pfc cannot be analyzed as it has no setups that may be simulated. (11:21:58 am  nov 02, 2025)  
        [error] Method arguments: 
        [error]     expressions = ['L(P,P)'] 
        [error]     primary_sweep_variable = Time 
        [error]     report_category = Fields 
        [error] **************************************************************
        [error] **************************************************************
        [error]   File "E:\study\S1\taida_cap\优化程序\ansys_validation.py", line 601, in <module>
        [error]     update_and_simulate(print,project_path=project_path, design_name=design_name, dataset_name="PFC", core_id=core_id, core_gap=core_gap, N=N, excitation=excitation)
        [error]   File "E:\study\S1\taida_cap\优化程序\ansys_validation.py", line 511, in update_and_simulate
        [error]     inductance_result = extract_inductance(project_path, design_name)
        [error]   File "E:\study\S1\taida_cap\优化程序\ansys_validation.py", line 427, in extract_inductance
        [error]     test_data = maxwell_app.post.get_solution_data(
        [error] 'setup  not available in current design.' on _get_report_object
        [error] Last Electronics Desktop Message - [error] simulation: obc : pfc cannot be analyzed as it has no setups that may be simulated. (11:21:58 am  nov 02, 2025)  
        [error] Method arguments: 
        [error]     expressions = ['L(P, P)'] 
        [error]     primary_sweep_variable = Time 
        [error]     report_category = Fields 
        [error]     polyline_points = 1001 
        [error] **************************************************************
        [error] **************************************************************
        [error]   File "E:\study\S1\taida_cap\优化程序\ansys_validation.py", line 601, in <module>
        [error]     update_and_simulate(print,project_path=project_path, design_name=design_name, dataset_name="PFC", core_id=core_id, core_gap=core_gap, N=N, excitation=excitation)
        [error]   File "E:\study\S1\taida_cap\优化程序\ansys_validation.py", line 511, in update_and_simulate
        [error]     inductance_result = extract_inductance(project_path, design_name)
        [error]   File "E:\study\S1\taida_cap\优化程序\ansys_validation.py", line 427, in extract_inductance
        [error]     test_data = maxwell_app.post.get_solution_data(
        [error] 'bool' object has no attribute 'get_solution_data' on get_solution_data
        [error] Last Electronics Desktop Message - [error] simulation: obc : pfc cannot be analyzed as it has no setups that may be simulated. (11:21:58 am  nov 02, 2025)  
        [error] Method arguments: 
        [error]     expressions = ['L(P, P)'] 
        [error]     primary_sweep_variable = Time 
        [error]     report_category = Fields 
        [error] **************************************************************
        [error] **************************************************************
        [error]   File "E:\study\S1\taida_cap\优化程序\ansys_validation.py", line 601, in <module>
        [error]     update_and_simulate(print,project_path=project_path, design_name=design_name, dataset_name="PFC", core_id=core_id, core_gap=core_gap, N=N, excitation=excitation)
        [error]   File "E:\study\S1\taida_cap\优化程序\ansys_validation.py", line 511, in update_and_simulate
        [error]     inductance_result = extract_inductance(project_path, design_name)
        [error]   File "E:\study\S1\taida_cap\优化程序\ansys_validation.py", line 427, in extract_inductance
        [error]     test_data = maxwell_app.post.get_solution_data(
        [error] 'setup  not available in current design.' on _get_report_object
        [error] Last Electronics Desktop Message - [error] simulation: obc : pfc cannot be analyzed as it has no setups that may be simulated. (11:21:58 am  nov 02, 2025)  
        [error] Method arguments: 
        [error]     expressions = ['Inductance'] 
        [error]     primary_sweep_variable = Time 
        [error]     report_category = Fields 
        [error]     polyline_points = 1001 
        [error] **************************************************************
        [error] **************************************************************
        [error]   File "E:\study\S1\taida_cap\优化程序\ansys_validation.py", line 601, in <module>
        [error]     update_and_simulate(print,project_path=project_path, design_name=design_name, dataset_name="PFC", core_id=core_id, core_gap=core_gap, N=N, excitation=excitation)
        [error]   File "E:\study\S1\taida_cap\优化程序\ansys_validation.py", line 511, in update_and_simulate
        [error]     inductance_result = extract_inductance(project_path, design_name)
        [error]   File "E:\study\S1\taida_cap\优化程序\ansys_validation.py", line 427, in extract_inductance
        [error]     test_data = maxwell_app.post.get_solution_data(
        [error] 'bool' object has no attribute 'get_solution_data' on get_solution_data
        [error] Last Electronics Desktop Message - [error] simulation: obc : pfc cannot be analyzed as it has no setups that may be simulated. (11:21:58 am  nov 02, 2025)  
        [error] Method arguments: 
        [error]     expressions = ['Inductance'] 
        [error]     primary_sweep_variable = Time 
        [error]     report_category = Fields 
        [error] **************************************************************
        [error] **************************************************************
        [error]   File "E:\study\S1\taida_cap\优化程序\ansys_validation.py", line 601, in <module>
        [error]     update_and_simulate(print,project_path=project_path, design_name=design_name, dataset_name="PFC", core_id=core_id, core_gap=core_gap, N=N, excitation=excitation)
        [error]   File "E:\study\S1\taida_cap\优化程序\ansys_validation.py", line 511, in update_and_simulate
        [error]     inductance_result = extract_inductance(project_path, design_name)
        [error]   File "E:\study\S1\taida_cap\优化程序\ansys_validation.py", line 427, in extract_inductance
        [error]     test_data = maxwell_app.post.get_solution_data(
        [error] 'setup  not available in current design.' on _get_report_object
        [error] Last Electronics Desktop Message - [error] simulation: obc : pfc cannot be analyzed as it has no setups that may be simulated. (11:21:58 am  nov 02, 2025)  
        [error] Method arguments: 
        [error]     expressions = ['L'] 
        [error]     primary_sweep_variable = Time 
        [error]     report_category = Fields 
        [error]     polyline_points = 1001 
        [error] **************************************************************
        [error] **************************************************************
        [error]   File "E:\study\S1\taida_cap\优化程序\ansys_validation.py", line 601, in <module>
        [error]     update_and_simulate(print,project_path=project_path, design_name=design_name, dataset_name="PFC", core_id=core_id, core_gap=core_gap, N=N, excitation=excitation)
        [error]   File "E:\study\S1\taida_cap\优化程序\ansys_validation.py", line 511, in update_and_simulate
        [error]     inductance_result = extract_inductance(project_path, design_name)
        [error]   File "E:\study\S1\taida_cap\优化程序\ansys_validation.py", line 427, in extract_inductance
        [error]     test_data = maxwell_app.post.get_solution_data(
        [error] 'bool' object has no attribute 'get_solution_data' on get_solution_data
        [error] Last Electronics Desktop Message - [error] simulation: obc : pfc cannot be analyzed as it has no setups that may be simulated. (11:21:58 am  nov 02, 2025)  
        [error] Method arguments: 
        [error]     expressions = ['L'] 
        [error]     primary_sweep_variable = Time 
        [error]     report_category = Fields 
        [error] **************************************************************
      OBC (E:/study/S1/taida_cap/)
        PFC (Magnetostatic)
          [error] Simulation: OBC : PFC cannot be analyzed as it has no setups that may be simulated. (11:21:09 AM  Nov 02, 2025)
          [error] Simulation: OBC : PFC cannot be analyzed as it has no setups that may be simulated. (11:21:58 AM  Nov 02, 2025)
-- Message Window --
Stopping Batch Run: 11:22:35 AM  Nov 02, 2025
 
Ansys Electronics Desktop Version 2024.2.0, Build: 2024-05-23 02:23:50
Location: E:\INApps\AnsysEM\v242\Win64\ansysedt.exe
Non Graphical Mode: No Project??
Starting Batch Run: 11:23:04 AM  Nov 02, 2025
Running as user : CHW\chwhcx
Temp directory: C:\Users\chwhcx\AppData\Local\Temp
Project directory: E:\ansys\Documents\Ansoft
-- Message Window --
      *Global - Messages
        [warning] Left-alt + shift is currently used by the system to toggle the input language. It is also used in some portions of this application, which may cause the input language to change unexpectedly.
        [info] GRPC server running on port: 63042. 
        [info] Project OBC has been opened.
        [info] Active Design set to PFC
        [info] Aedt Objects correctly read
        [info] Project OBC Saved correctly
        [info] Parsing E:\study\S1\taida_cap\OBC.aedt.
        [info] File E:\study\S1\taida_cap\OBC.aedt correctly loaded. Elapsed time: 0m 0sec
        [info] aedt file load time 0.048825740814208984
        [info] Project OBC Saved correctly
        [info] Solving all design setups. Analysis started...
        [info] Design setup None solved correctly in 0.0h 0.0m 0.0s
        [info] Project OBC Saved correctly
        [info] Parsing E:\study\S1\taida_cap\OBC.aedt.
        [info] File E:\study\S1\taida_cap\OBC.aedt correctly loaded. Elapsed time: 0m 0sec
        [info] Project OBC set to active.
        [info] Active Design set to PFC
        [info] Aedt Objects correctly read
        [info] PostProcessor class has been initialized! Elapsed time: 0m 0sec
        [info] PostProcessor class has been initialized! Elapsed time: 0m 0sec
        [info] Post class has been initialized! Elapsed time: 0m 0sec
        [info] Parsing E:\study\S1\taida_cap\OBC.aedt.
        [info] File E:\study\S1\taida_cap\OBC.aedt correctly loaded. Elapsed time: 0m 0sec
        [info] Project OBC set to active.
        [info] Active Design set to PFC
        [info] Aedt Objects correctly read
        [info] Modeler class has been initialized! Elapsed time: 0m 0sec
        [info] PostProcessor class has been initialized! Elapsed time: 0m 0sec
        [info] PostProcessor class has been initialized! Elapsed time: 0m 0sec
        [info] Post class has been initialized! Elapsed time: 0m 0sec
        [error] **************************************************************
        [error]   File "E:\study\S1\taida_cap\优化程序\ansys_validation.py", line 601, in <module>
        [error]     update_and_simulate(print,project_path=project_path, design_name=design_name, dataset_name="PFC", core_id=core_id, core_gap=core_gap, N=N, excitation=excitation)
        [error]   File "E:\study\S1\taida_cap\优化程序\ansys_validation.py", line 510, in update_and_simulate
        [error]     coreloss_result = extract_coreloss(project_path, design_name)
        [error]   File "E:\study\S1\taida_cap\优化程序\ansys_validation.py", line 342, in extract_coreloss
        [error]     test_data = maxwell_app.post.get_solution_data(
        [error] 'setup  not available in current design.' on _get_report_object
        [error] Last Electronics Desktop Message - [error] simulation: obc : pfc cannot be analyzed as it has no setups that may be simulated. (11:23:26 am  nov 02, 2025)  
        [error] Method arguments: 
        [error]     expressions = ['CoreLoss'] 
        [error]     primary_sweep_variable = Time 
        [error]     report_category = Fields 
        [error]     context = {'Objects': []} 
        [error]     polyline_points = 1001 
        [error] **************************************************************
        [error] **************************************************************
        [error]   File "E:\study\S1\taida_cap\优化程序\ansys_validation.py", line 601, in <module>
        [error]     update_and_simulate(print,project_path=project_path, design_name=design_name, dataset_name="PFC", core_id=core_id, core_gap=core_gap, N=N, excitation=excitation)
        [error]   File "E:\study\S1\taida_cap\优化程序\ansys_validation.py", line 510, in update_and_simulate
        [error]     coreloss_result = extract_coreloss(project_path, design_name)
        [error]   File "E:\study\S1\taida_cap\优化程序\ansys_validation.py", line 342, in extract_coreloss
        [error]     test_data = maxwell_app.post.get_solution_data(
        [error] 'bool' object has no attribute 'get_solution_data' on get_solution_data
        [error] Last Electronics Desktop Message - [error] simulation: obc : pfc cannot be analyzed as it has no setups that may be simulated. (11:23:26 am  nov 02, 2025)  
        [error] Method arguments: 
        [error]     expressions = ['CoreLoss'] 
        [error]     primary_sweep_variable = Time 
        [error]     report_category = Fields 
        [error]     context = {'Objects': []} 
        [error] **************************************************************
        [info] Parsing E:\study\S1\taida_cap\OBC.aedt.
        [info] File E:\study\S1\taida_cap\OBC.aedt correctly loaded. Elapsed time: 0m 0sec
        [info] Project OBC set to active.
        [info] Active Design set to PFC
        [info] Aedt Objects correctly read
        [info] PostProcessor class has been initialized! Elapsed time: 0m 0sec
        [info] PostProcessor class has been initialized! Elapsed time: 0m 0sec
        [info] Post class has been initialized! Elapsed time: 0m 0sec
        [error] **************************************************************
        [error]   File "E:\study\S1\taida_cap\优化程序\ansys_validation.py", line 601, in <module>
        [error]     update_and_simulate(print,project_path=project_path, design_name=design_name, dataset_name="PFC", core_id=core_id, core_gap=core_gap, N=N, excitation=excitation)
        [error]   File "E:\study\S1\taida_cap\优化程序\ansys_validation.py", line 511, in update_and_simulate
        [error]     inductance_result = extract_inductance(project_path, design_name)
        [error]   File "E:\study\S1\taida_cap\优化程序\ansys_validation.py", line 427, in extract_inductance
        [error]     test_data = maxwell_app.post.get_solution_data(
        [error] 'setup  not available in current design.' on _get_report_object
        [error] Last Electronics Desktop Message - [error] simulation: obc : pfc cannot be analyzed as it has no setups that may be simulated. (11:23:26 am  nov 02, 2025)  
        [error] Method arguments: 
        [error]     expressions = ['L(P,P)'] 
        [error]     primary_sweep_variable = Time 
        [error]     report_category = Fields 
        [error]     polyline_points = 1001 
        [error] **************************************************************
        [error] **************************************************************
        [error]   File "E:\study\S1\taida_cap\优化程序\ansys_validation.py", line 601, in <module>
        [error]     update_and_simulate(print,project_path=project_path, design_name=design_name, dataset_name="PFC", core_id=core_id, core_gap=core_gap, N=N, excitation=excitation)
        [error]   File "E:\study\S1\taida_cap\优化程序\ansys_validation.py", line 511, in update_and_simulate
        [error]     inductance_result = extract_inductance(project_path, design_name)
        [error]   File "E:\study\S1\taida_cap\优化程序\ansys_validation.py", line 427, in extract_inductance
        [error]     test_data = maxwell_app.post.get_solution_data(
        [error] 'bool' object has no attribute 'get_solution_data' on get_solution_data
        [error] Last Electronics Desktop Message - [error] simulation: obc : pfc cannot be analyzed as it has no setups that may be simulated. (11:23:26 am  nov 02, 2025)  
        [error] Method arguments: 
        [error]     expressions = ['L(P,P)'] 
        [error]     primary_sweep_variable = Time 
        [error]     report_category = Fields 
        [error] **************************************************************
        [error] **************************************************************
        [error]   File "E:\study\S1\taida_cap\优化程序\ansys_validation.py", line 601, in <module>
        [error]     update_and_simulate(print,project_path=project_path, design_name=design_name, dataset_name="PFC", core_id=core_id, core_gap=core_gap, N=N, excitation=excitation)
        [error]   File "E:\study\S1\taida_cap\优化程序\ansys_validation.py", line 511, in update_and_simulate
        [error]     inductance_result = extract_inductance(project_path, design_name)
        [error]   File "E:\study\S1\taida_cap\优化程序\ansys_validation.py", line 427, in extract_inductance
        [error]     test_data = maxwell_app.post.get_solution_data(
        [error] 'setup  not available in current design.' on _get_report_object
        [error] Last Electronics Desktop Message - [error] simulation: obc : pfc cannot be analyzed as it has no setups that may be simulated. (11:23:26 am  nov 02, 2025)  
        [error] Method arguments: 
        [error]     expressions = ['L(P, P)'] 
        [error]     primary_sweep_variable = Time 
        [error]     report_category = Fields 
        [error]     polyline_points = 1001 
        [error] **************************************************************
        [error] **************************************************************
        [error]   File "E:\study\S1\taida_cap\优化程序\ansys_validation.py", line 601, in <module>
        [error]     update_and_simulate(print,project_path=project_path, design_name=design_name, dataset_name="PFC", core_id=core_id, core_gap=core_gap, N=N, excitation=excitation)
        [error]   File "E:\study\S1\taida_cap\优化程序\ansys_validation.py", line 511, in update_and_simulate
        [error]     inductance_result = extract_inductance(project_path, design_name)
        [error]   File "E:\study\S1\taida_cap\优化程序\ansys_validation.py", line 427, in extract_inductance
        [error]     test_data = maxwell_app.post.get_solution_data(
        [error] 'bool' object has no attribute 'get_solution_data' on get_solution_data
        [error] Last Electronics Desktop Message - [error] simulation: obc : pfc cannot be analyzed as it has no setups that may be simulated. (11:23:26 am  nov 02, 2025)  
        [error] Method arguments: 
        [error]     expressions = ['L(P, P)'] 
        [error]     primary_sweep_variable = Time 
        [error]     report_category = Fields 
        [error] **************************************************************
        [error] **************************************************************
        [error]   File "E:\study\S1\taida_cap\优化程序\ansys_validation.py", line 601, in <module>
        [error]     update_and_simulate(print,project_path=project_path, design_name=design_name, dataset_name="PFC", core_id=core_id, core_gap=core_gap, N=N, excitation=excitation)
        [error]   File "E:\study\S1\taida_cap\优化程序\ansys_validation.py", line 511, in update_and_simulate
        [error]     inductance_result = extract_inductance(project_path, design_name)
        [error]   File "E:\study\S1\taida_cap\优化程序\ansys_validation.py", line 427, in extract_inductance
        [error]     test_data = maxwell_app.post.get_solution_data(
        [error] 'setup  not available in current design.' on _get_report_object
        [error] Last Electronics Desktop Message - [error] simulation: obc : pfc cannot be analyzed as it has no setups that may be simulated. (11:23:26 am  nov 02, 2025)  
        [error] Method arguments: 
        [error]     expressions = ['Inductance'] 
        [error]     primary_sweep_variable = Time 
        [error]     report_category = Fields 
        [error]     polyline_points = 1001 
        [error] **************************************************************
        [error] **************************************************************
        [error]   File "E:\study\S1\taida_cap\优化程序\ansys_validation.py", line 601, in <module>
        [error]     update_and_simulate(print,project_path=project_path, design_name=design_name, dataset_name="PFC", core_id=core_id, core_gap=core_gap, N=N, excitation=excitation)
        [error]   File "E:\study\S1\taida_cap\优化程序\ansys_validation.py", line 511, in update_and_simulate
        [error]     inductance_result = extract_inductance(project_path, design_name)
        [error]   File "E:\study\S1\taida_cap\优化程序\ansys_validation.py", line 427, in extract_inductance
        [error]     test_data = maxwell_app.post.get_solution_data(
        [error] 'bool' object has no attribute 'get_solution_data' on get_solution_data
        [error] Last Electronics Desktop Message - [error] simulation: obc : pfc cannot be analyzed as it has no setups that may be simulated. (11:23:26 am  nov 02, 2025)  
        [error] Method arguments: 
        [error]     expressions = ['Inductance'] 
        [error]     primary_sweep_variable = Time 
        [error]     report_category = Fields 
        [error] **************************************************************
        [error] **************************************************************
        [error]   File "E:\study\S1\taida_cap\优化程序\ansys_validation.py", line 601, in <module>
        [error]     update_and_simulate(print,project_path=project_path, design_name=design_name, dataset_name="PFC", core_id=core_id, core_gap=core_gap, N=N, excitation=excitation)
        [error]   File "E:\study\S1\taida_cap\优化程序\ansys_validation.py", line 511, in update_and_simulate
        [error]     inductance_result = extract_inductance(project_path, design_name)
        [error]   File "E:\study\S1\taida_cap\优化程序\ansys_validation.py", line 427, in extract_inductance
        [error]     test_data = maxwell_app.post.get_solution_data(
        [error] 'setup  not available in current design.' on _get_report_object
        [error] Last Electronics Desktop Message - [error] simulation: obc : pfc cannot be analyzed as it has no setups that may be simulated. (11:23:26 am  nov 02, 2025)  
        [error] Method arguments: 
        [error]     expressions = ['L'] 
        [error]     primary_sweep_variable = Time 
        [error]     report_category = Fields 
        [error]     polyline_points = 1001 
        [error] **************************************************************
        [error] **************************************************************
        [error]   File "E:\study\S1\taida_cap\优化程序\ansys_validation.py", line 601, in <module>
        [error]     update_and_simulate(print,project_path=project_path, design_name=design_name, dataset_name="PFC", core_id=core_id, core_gap=core_gap, N=N, excitation=excitation)
        [error]   File "E:\study\S1\taida_cap\优化程序\ansys_validation.py", line 511, in update_and_simulate
        [error]     inductance_result = extract_inductance(project_path, design_name)
        [error]   File "E:\study\S1\taida_cap\优化程序\ansys_validation.py", line 427, in extract_inductance
        [error]     test_data = maxwell_app.post.get_solution_data(
        [error] 'bool' object has no attribute 'get_solution_data' on get_solution_data
        [error] Last Electronics Desktop Message - [error] simulation: obc : pfc cannot be analyzed as it has no setups that may be simulated. (11:23:26 am  nov 02, 2025)  
        [error] Method arguments: 
        [error]     expressions = ['L'] 
        [error]     primary_sweep_variable = Time 
        [error]     report_category = Fields 
        [error] **************************************************************
      OBC (E:/study/S1/taida_cap/)
        PFC (Magnetostatic)
          [error] Simulation: OBC : PFC cannot be analyzed as it has no setups that may be simulated. (11:23:26 AM  Nov 02, 2025)
-- Message Window --
Stopping Batch Run: 11:23:51 AM  Nov 02, 2025
 
Ansys Electronics Desktop Version 2024.2.0, Build: 2024-05-23 02:23:50
Location: E:\INApps\AnsysEM\v242\Win64\ansysedt.exe
Non Graphical Mode: No Project??
Starting Batch Run: 11:26:16 AM  Nov 02, 2025
Running as user : CHW\chwhcx
Temp directory: C:\Users\chwhcx\AppData\Local\Temp
Project directory: E:\ansys\Documents\Ansoft
-- Message Window --
      *Global - Messages
        [warning] Left-alt + shift is currently used by the system to toggle the input language. It is also used in some portions of this application, which may cause the input language to change unexpectedly.
        [info] GRPC server running on port: 60116. 
        [info] Project OBC has been opened.
        [info] Active Design set to PFC
        [info] Aedt Objects correctly read
        [info] Project OBC Saved correctly
        [info] Parsing E:\study\S1\taida_cap\OBC.aedt.
        [info] File E:\study\S1\taida_cap\OBC.aedt correctly loaded. Elapsed time: 0m 0sec
        [info] aedt file load time 0.2503235340118408
        [info] Project OBC Saved correctly
        [info] Solving all design setups. Analysis started...
        [info] Design setup None solved correctly in 0.0h 14.0m 14.0s
        [info] Project OBC Saved correctly
        [info] Parsing E:\study\S1\taida_cap\OBC.aedt.
        [info] File E:\study\S1\taida_cap\OBC.aedt correctly loaded. Elapsed time: 0m 0sec
        [info] Project OBC set to active.
        [info] Active Design set to PFC
        [info] Aedt Objects correctly read
        [info] PostProcessor class has been initialized! Elapsed time: 0m 1sec
        [info] PostProcessor class has been initialized! Elapsed time: 0m 0sec
        [info] Post class has been initialized! Elapsed time: 0m 0sec
        [info] Modeler class has been initialized! Elapsed time: 0m 0sec
        [info] Solution Data Correctly Loaded.
        [info] Parsing E:\study\S1\taida_cap\OBC.aedt.
        [info] File E:\study\S1\taida_cap\OBC.aedt correctly loaded. Elapsed time: 0m 0sec
        [info] Project OBC set to active.
        [info] Active Design set to PFC
        [info] Aedt Objects correctly read
        [info] Modeler class has been initialized! Elapsed time: 0m 0sec
        [info] PostProcessor class has been initialized! Elapsed time: 0m 0sec
        [info] PostProcessor class has been initialized! Elapsed time: 0m 0sec
        [info] Post class has been initialized! Elapsed time: 0m 0sec
        [warning] Parameter Objects is not available, check syntax.
        [info] Solution Data Correctly Loaded.
        [info] Parsing E:\study\S1\taida_cap\OBC.aedt.
        [info] File E:\study\S1\taida_cap\OBC.aedt correctly loaded. Elapsed time: 0m 0sec
        [info] Project OBC set to active.
        [info] Active Design set to PFC
        [info] Aedt Objects correctly read
        [info] PostProcessor class has been initialized! Elapsed time: 0m 0sec
        [info] PostProcessor class has been initialized! Elapsed time: 0m 0sec
        [info] Post class has been initialized! Elapsed time: 0m 0sec
        [info] Modeler class has been initialized! Elapsed time: 0m 0sec
        [warning] No context provided for Fields. Assigned object: None
        [info] Solution Data Correctly Loaded.
-- Message Window --
Stopping Batch Run: 11:42:22 AM  Nov 02, 2025
 
Ansys Electronics Desktop Version 2024.2.0, Build: 2024-05-23 02:23:50
Location: E:\INApps\AnsysEM\v242\Win64\ansysedt.exe
Non Graphical Mode: No Project??
Starting Batch Run: 11:43:03 AM  Nov 02, 2025
Running as user : CHW\chwhcx
Temp directory: C:\Users\chwhcx\AppData\Local\Temp
Project directory: E:\ansys\Documents\Ansoft
